<?xml version="1.0" encoding="UTF-8"?>
<!-- Generated by org.testng.reporters.JUnitReportReporter -->
<testsuite hostname="DESKTOP-7L2VD93" failures="0" tests="1" name="ExtentReports.ExtentTest1" time="6.997" errors="0" timestamp="2022-02-21T07:48:48 CAT" skipped="0">
  <testcase classname="ExtentReports.ExtentTest1" name="TestSuccessfull" time="6.997"/>
  <system-out/>
</testsuite> <!-- ExtentReports.ExtentTest1 -->
