<?xml version="1.0" encoding="UTF-8"?>
<!-- Generated by org.testng.reporters.JUnitReportReporter -->
<testsuite hostname="DESKTOP-7L2VD93" failures="0" tests="1" name="ExtentReports.FrameworkScript" time="20.156" errors="0" timestamp="2022-02-21T07:33:28 CAT" skipped="0">
  <testcase classname="ExtentReports.FrameworkScript" name="openBrowser" time="20.156"/>
  <system-out/>
</testsuite> <!-- ExtentReports.FrameworkScript -->
